<?xml version="1.0" encoding="UTF-8"?>
<robot generator="Robot 3.2.2 (Python 3.9.2 on darwin)" generated="20210309 10:57:03.052" rpa="false">
<suite id="s1" name="Sample Test" source="/Users/solomentchu/auto-test/testcases/API_testcases/sample_test.robot">
<kw name="Create Session" library="RequestsLibrary" type="setup">
<doc>Create Session: create a HTTP session to a server</doc>
<arguments>
<arg>typicode</arg>
<arg>https://jsonplaceholder.typicode.com</arg>
</arguments>
<msg timestamp="20210309 10:57:03.176" level="INFO">Creating Session using : alias=typicode, url=https://jsonplaceholder.typicode.com, headers={},                     cookies={}, auth=None, timeout=None, proxies=None, verify=False,                     debug=0 </msg>
<status status="PASS" starttime="20210309 10:57:03.176" endtime="20210309 10:57:03.176"></status>
</kw>
<test id="s1-t1" name="API test:get invetory Info">
<kw name="Create Session" library="RequestsLibrary">
<doc>Create Session: create a HTTP session to a server</doc>
<arguments>
<arg>tdcv1</arg>
<arg>${hostV1}</arg>
</arguments>
<msg timestamp="20210309 10:57:03.177" level="INFO">Creating Session using : alias=tdcv1, url=https://b2bapi-beta.techdesignlink.com, headers={},                     cookies={}, auth=None, timeout=None, proxies=None, verify=False,                     debug=0 </msg>
<status status="PASS" starttime="20210309 10:57:03.177" endtime="20210309 10:57:03.177"></status>
</kw>
<kw name="Create Dictionary" library="BuiltIn">
<doc>Creates and returns a dictionary based on the given ``items``.</doc>
<arguments>
<arg>Authorization=${token}</arg>
<arg>Content-Type=application/json</arg>
</arguments>
<assign>
<var>${header}</var>
</assign>
<msg timestamp="20210309 10:57:03.178" level="INFO">${header} = {'Authorization': 'Bearer eyJ0eXAiOiJKV1QiLCJhbGciOiJSUzI1NiJ9.eyJhdWQiOiIxIiwianRpIjoiNjFiNGZmYTMyMzNjYTRiODFhYTgzNGFlNjdiYmRlMmY1YWE3OTcwNzU3NDQyMWJhYjU4NTQ3ZjI5ZjVkYzViNjMzNzFiZWQ3NzE2MGMyYWMiLCJpY...</msg>
<status status="PASS" starttime="20210309 10:57:03.177" endtime="20210309 10:57:03.178"></status>
</kw>
<kw name="Get On Session" library="RequestsLibrary">
<doc>Sends a GET request on a previously created HTTP Session.</doc>
<arguments>
<arg>tdcv1</arg>
<arg>/api/v1/product-inventory</arg>
<arg>headers=${header}</arg>
</arguments>
<assign>
<var>${resp}</var>
</assign>
<msg timestamp="20210309 10:57:05.780" level="INFO">GET Request : url=https://b2bapi-beta.techdesignlink.com/api/v1/product-inventory 
 path_url=/api/v1/product-inventory 
 headers={'User-Agent': 'python-requests/2.25.1', 'Accept-Encoding': 'gzip, deflate', 'Accept': '*/*', 'Connection': 'keep-alive', 'Authorization': 'Bearer eyJ0eXAiOiJKV1QiLCJhbGciOiJSUzI1NiJ9.eyJhdWQiOiIxIiwianRpIjoiNjFiNGZmYTMyMzNjYTRiODFhYTgzNGFlNjdiYmRlMmY1YWE3OTcwNzU3NDQyMWJhYjU4NTQ3ZjI5ZjVkYzViNjMzNzFiZWQ3NzE2MGMyYWMiLCJpYXQiOiIxNjE1MTg5NTMwLjE1NDM2NCIsIm5iZiI6IjE2MTUxODk1MzAuMTU0MzY3IiwiZXhwIjoiMTkzMDcyMjMzMC4xNDg3MzAiLCJzdWIiOiIzNDVhMjEzZS0xZjI4LTExZTctYjY0NC0wMjU4MTExMzRmMTkiLCJzY29wZXMiOltdfQ.AbxeUh_1RuOf0w-50HiChCqm4xaVARkW4rVXYT_s1MRA8kuZIkU5WQzVv8VNPsGQ556cz4Wa1uthGqL_FNiNLQ0aug2IjLgdKKbMeB5uEnR8Wukemciz_Sa87q7I-09pbirpt4NKhs_TN4IkNogzx0xDaiGj72b0oKaCcv-eAjuOq16uj8XPSyuf-8b6ru8tlGbyagMwsolM4Z3gxbTE_k9zGKjgWPq8Yb-ZjJZ753tcV3NZylw31du9i5kZIjYkTI3fBAMlMGd_nG3BcP0lCyOLZygCB610ZAngRT2Sq5SWAlF00LJ-KbFUa8GFJdYqnJxqXNvcGU945BOHjxIGqdHR7CNx-l6zP1pLykbKlN_SpjrqtANOibtxgT9d3feGq_-7cBnG0o00x0WXelkMOQadrQvyDkh1DvxmYH3GAwuC-Ej0V-MlOcWhujUaqBb_je604IKI734dg5oShMv-Ad9iCyojw-fs7JxkIqGA1QkwsM39L5oDVgZsEIWH-ZfsWVX6hUFv9Wf9W6RiVCcWf0YJz2dH7crJg_1peh6V2yNPSSRlvWewHVSuDZDYtOa07nQvxwaqpvblJlxVxAjUz6Q3oRGyfo_C-YWwLwNObY1mXVRlv3cAmQqvKsVM4ULKt3KSbaOZP2NXVY6U8Z3r0g_f0HhFPBzbE6KfymGgeog', 'Content-Type': 'application/json'} 
 body=None 
 </msg>
<msg timestamp="20210309 10:57:05.781" level="INFO">GET Response : url=https://b2bapi-beta.techdesignlink.com/api/v1/product-inventory 
 status=200, reason=OK 
 headers={'Date': 'Tue, 09 Mar 2021 02:57:04 GMT', 'Server': 'Apache/2.4.43 () OpenSSL/1.0.2k-fips', 'X-Powered-By': 'PHP/7.4.7', 'Cache-Control': 'no-cache, private', 'Vary': 'Authorization', 'Connection': 'Upgrade, Keep-Alive', 'Access-Control-Allow-Origin': '*', 'Strict-Transport-Security': 'max-age=31536000', 'Keep-Alive': 'timeout=5, max=100', 'Transfer-Encoding': 'chunked', 'Content-Type': 'application/json'} 
 body={"Code":0,"Message":"Success","results":[{"part_no":"W25M02GVZEIG","supplier_part_no":"W25M02GVZEIG","packing_name":"Tape and Reel","warehouse_name":"Taichung","qty":0,"reserved_qty":0},{"part_no":"W25M02GVZEIG","supplier_part_no":"W25M02GVZEIG","packing_name":"Tray","warehouse_name":"Taichung","qty":0,"reserved_qty":0},{"part_no":"W25M02GVZEIG","supplier_part_no":"W25M02GVZEIG","packing_name":"Cut Tape","warehouse_name":"Taichung","qty":0,"reserved_qty":0},{"part_no":"W25M02GVZEIG","supplier_part_no":"W25M02GVZEIG","packing_name":"Tube","warehouse_name":"Taichung","qty":0,"reserved_qty":0},{"part_no":"W25M02GVZEIT","supplier_part_no":"W25M02GVZEIT","packing_name":"Tray","warehouse_name":"Taichung","qty":0,"reserved_qty":0},{"part_no":"W25M02GVZEIT","supplier_part_no":"W25M02GVZEIT","packing_name":"Cut Tape","warehouse_name":"Taichung","qty":0,"reserved_qty":0},{"part_no":"W25M02GVZEIT","supplier_part_no":"W25M02GVZEIT","packing_name":"Tube","warehouse_name":"Taichung","qty":0,"reserved_qty":0},{"part_no":"W25M02GVZEIT","supplier_part_no":"W25M02GVZEIT","packing_name":"Tape and Reel","warehouse_name":"Taichung","qty":0,"reserved_qty":0},{"part_no":"W25M02GWZEIG","supplier_part_no":"W25M02GWZEIG","packing_name":"Tube","warehouse_name":"Taichung","qty":0,"reserved_qty":0},{"part_no":"W25M02GWZEIG","supplier_part_no":"W25M02GWZEIG","packing_name":"Tray","warehouse_name":"Taichung","qty":423,"reserved_qty":0},{"part_no":"W25M02GWZEIG","supplier_part_no":"W25M02GWZEIG","packing_name":"Cut Tape","warehouse_name":"Taichung","qty":0,"reserved_qty":0},{"part_no":"W25M02GWZEIG","supplier_part_no":"W25M02GWZEIG","packing_name":"Tape and Reel","warehouse_name":"Taichung","qty":0,"reserved_qty":0},{"part_no":"W25M02GWZEIT","supplier_part_no":"W25M02GWZEIT","packing_name":"Tube","warehouse_name":"Taichung","qty":0,"reserved_qty":0},{"part_no":"W25M02GWZEIT","supplier_part_no":"W25M02GWZEIT","packing_name":"Tray","warehouse_name":"Taichung","qty":0,"reserved_qty":0},{"part_no":"W25M02GWZEIT","supplier_part_no":"W25M02GWZEIT","packing_name":"Cut Tape","warehouse_name":"Taichung","qty":0,"reserved_qty":0},{"part_no":"W25M02GWZEIT","supplier_part_no":"W25M02GWZEIT","packing_name":"Tape and Reel","warehouse_name":"Taichung","qty":0,"reserved_qty":0},{"part_no":"W25M512JVBIQ","supplier_part_no":"W25M512JVBIQ","packing_name":"Tray","warehouse_name":"Taichung","qty":2043,"reserved_qty":0},{"part_no":"W25M512JVBIQ","supplier_part_no":"W25M512JVBIQ","packing_name":"Tube","warehouse_name":"Taichung","qty":0,"reserved_qty":0},{"part_no":"W25M512JVBIQ","supplier_part_no":"W25M512JVBIQ","packing_name":"Cut Tape","warehouse_name":"Taichung","qty":0,"reserved_qty":0},{"part_no":"W25M512JVBIQ","supplier_part_no":"W25M512JVBIQ","packing_name":"Tape and Reel","warehouse_name":"Taichung","qty":0,"reserved_qty":0},{"part_no":"W25M512JVCIQ","supplier_part_no":"W25M512JVCIQ","packing_name":"Tube","warehouse_name":"Taichung","qty":0,"reserved_qty":0},{"part_no":"W25M512JVCIQ","supplier_part_no":"W25M512JVCIQ","packing_name":"Tray","warehouse_name":"Taichung","qty":0,"reserved_qty":0},{"part_no":"W25M512JVCIQ","supplier_part_no":"W25M512JVCIQ","packing_name":"Cut Tape","warehouse_name":"Taichung","qty":0,"reserved_qty":0},{"part_no":"W25M512JVCIQ","supplier_part_no":"W25M512JVCIQ","packing_name":"Tape and Reel","warehouse_name":"Taichung","qty":0,"reserved_qty":0},{"part_no":"W25M512JVEIM","supplier_part_no":"W25M512JVEIM","packing_name":"Cut Tape","warehouse_name":"Taichung","qty":0,"reserved_qty":0},{"part_no":"W25M512JVEIM","supplier_part_no":"W25M512JVEIM","packing_name":"Tray","warehouse_name":"Taichung","qty":0,"reserved_qty":0},{"part_no":"W25M512JVEIM","supplier_part_no":"W25M512JVEIM","packing_name":"Tape and Reel","warehouse_name":"Taichung","qty":0,"reserved_qty":0},{"part_no":"W25M512JVEIM","supplier_part_no":"W25M512JVEIM","packing_name":"Tube","warehouse_name":"Taichung","qty":0,"reserved_qty":0},{"part_no":"W25M512JVEIQ","supplier_part_no":"W25M512JVEIQ","packing_name":"Tray","warehouse_name":"Taichung","qty":19986,"reserved_qty":0},{"part_no":"W25M512JVEIQ","supplier_part_no":"W25M512JVEIQ","packing_name":"Tube","warehouse_name":"Taichung","qty":0,"reserved_qty":0},{"part_no":"W25M512JVEIQ","supplier_part_no":"W25M512JVEIQ","packing_name":"Tape and Reel","warehouse_name":"Taichung","qty":0,"reserved_qty":0},{"part_no":"W25M512JVEIQ","supplier_part_no":"W25M512JVEIQ","packing_name":"Cut Tape","warehouse_name":"Taichung","qty":0,"reserved_qty":0},{"part_no":"W25M512JVFIQ","supplier_part_no":"W25M512JVFIQ","packing_name":"Tray","warehouse_name":"Taichung","qty":0,"reserved_qty":0},{"part_no":"W25M512JVFIQ","supplier_part_no":"W25M512JVFIQ","packing_name":"Tape and Reel","warehouse_name":"Taichung","qty":0,"reserved_qty":0},{"part_no":"W25M512JVFIQ","supplier_part_no":"W25M512JVFIQ","packing_name":"Cut Tape","warehouse_name":"Taichung","qty":0,"reserved_qty":0},{"part_no":"W25M512JVFIQ","supplier_part_no":"W25M512JVFIQ","packing_name":"Tube","warehouse_name":"Taichung","qty":1622,"reserved_qty":0},{"part_no":"W25N01GVZEIG","supplier_part_no":"W25N01GVZEIG","packing_name":"Tape and Reel","warehouse_name":"Taichung","qty":0,"reserved_qty":0},{"part_no":"W25N01GVZEIG","supplier_part_no":"W25N01GVZEIG","packing_name":"Cut Tape","warehouse_name":"Taichung","qty":0,"reserved_qty":0},{"part_no":"W25N01GVZEIG","supplier_part_no":"W25N01GVZEIG","packing_name":"Tray","warehouse_name":"Taichung","qty":2741,"reserved_qty":0},{"part_no":"W25N01GVZEIG","supplier_part_no":"W25N01GVZEIG","packing_name":"Tube","warehouse_name":"Taichung","qty":0,"reserved_qty":0},{"part_no":"W25N01GVZEIT","supplier_part_no":"W25N01GVZEIT","packing_name":"Cut Tape","warehouse_name":"Taichung","qty":0,"reserved_qty":0},{"part_no":"W25N01GVZEIT","supplier_part_no":"W25N01GVZEIT","packing_name":"Tube","warehouse_name":"Taichung","qty":0,"reserved_qty":0},{"part_no":"W25N01GVZEIT","supplier_part_no":"W25N01GVZEIT","packing_name":"Tray","warehouse_name":"Taichung","qty":1998,"reserved_qty":0},{"part_no":"W25N01GVZEIT","supplier_part_no":"W25N01GVZEIT","packing_name":"Tape and Reel","warehouse_name":"Taichung","qty":0,"reserved_qty":0},{"part_no":"W25N01GWZEIG","supplier_part_no":"W25N01GWZEIG","packing_name":"Tray","warehouse_name":"Taichung","qty":6696,"reserved_qty":0},{"part_no":"W25N01GWZEIG","supplier_part_no":"W25N01GWZEIG","packing_name":"Tape and Reel","warehouse_name":"Taichung","qty":0,"reserved_qty":0},{"part_no":"W25N01GWZEIG","supplier_part_no":"W25N01GWZEIG","packing_name":"Tube","warehouse_name":"Taichung","qty":411,"reserved_qty":0},{"part_no":"W25N01GWZEIG","supplier_part_no":"W25N01GWZEIG","packing_name":"Cut Tape","warehouse_name":"Taichung","qty":0,"reserved_qty":0},{"part_no":"W25N512GVEIR","supplier_part_no":"W25N512GVEIR","packing_name":"Cut Tape","warehouse_name":"Taichung","qty":0,"reserved_qty":0},{"part_no":"W25N512GVEIR","supplier_part_no":"W25N512GVEIR","packing_name":"Tube","warehouse_name":"Taichung","qty":0,"reserved_qty":0},{"part_no":"W25N512GVEIR","supplier_part_no":"W25N512GVEIR","packing_name":"Tray","warehouse_name":"Taichung","qty":0,"reserved_qty":0},{"part_no":"W25N512GVEIR","supplier_part_no":"W25N512GVEIR","packing_name":"Tape and Reel","warehouse_name":"Taichung","qty":0,"reserved_qty":0},{"part_no":"W25Q10EWUXIE","supplier_part_no":"W25Q10EWUXIE","packing_name":"Cut Tape","warehouse_name":"Taichung","qty":0,"reserved_qty":0},{"part_no":"W25Q10EWUXIE","supplier_part_no":"W25Q10EWUXIE","packing_name":"Tray","warehouse_name":"Taichung","qty":0,"reserved_qty":0},{"part_no":"W25Q10EWUXIE","supplier_part_no":"W25Q10EWUXIE","packing_name":"Tape and Reel","warehouse_name":"Taichung","qty":0,"reserved_qty":0},{"part_no":"W25Q10EWUXIE","supplier_part_no":"W25Q10EWUXIE","packing_name":"Tube","warehouse_name":"Taichung","qty":0,"reserved_qty":0},{"part_no":"W25Q128FWPIQ","supplier_part_no":"W25Q128FWPIQ","packing_name":"Cut Tape","warehouse_name":"Taichung","qty":0,"reserved_qty":0},{"part_no":"W25Q128FWPIQ","supplier_part_no":"W25Q128FWPIQ","packing_name":"Tube","warehouse_name":"Taichung","qty":32,"reserved_qty":0},{"part_no":"W25Q128FWPIQ","supplier_part_no":"W25Q128FWPIQ","packing_name":"Tray","warehouse_name":"Taichung","qty":7374,"reserved_qty":0},{"part_no":"W25Q128FWPIQ","supplier_part_no":"W25Q128FWPIQ","packing_name":"Tape and Reel","warehouse_name":"Taichung","qty":0,"reserved_qty":0},{"part_no":"W25Q128JVBIQ","supplier_part_no":"W25Q128JVBIQ","packing_name":"Tray","warehouse_name":"Taichung","qty":213,"reserved_qty":0},{"part_no":"W25Q128JVBIQ","supplier_part_no":"W25Q128JVBIQ","packing_name":"Cut Tape","warehouse_name":"Taichung","qty":0,"reserved_qty":0},{"part_no":"W25Q128JVBIQ","supplier_part_no":"W25Q128JVBIQ","packing_name":"Tube","warehouse_name":"Taichung","qty":0,"reserved_qty":0},{"part_no":"W25Q128JVBIQ","supplier_part_no":"W25Q128JVBIQ","packing_name":"Tape and Reel","warehouse_name":"Taichung","qty":0,"reserved_qty":0},{"part_no":"W25Q128JVBJQ","supplier_part_no":"W25Q128JVBJQ","packing_name":"Tray","warehouse_name":"Taichung","qty":0,"reserved_qty":0},{"part_no":"W25Q128JVBJQ","supplier_part_no":"W25Q128JVBJQ","packing_name":"Tape and Reel","warehouse_name":"Taichung","qty":0,"reserved_qty":0},{"part_no":"W25Q128JVBJQ","supplier_part_no":"W25Q128JVBJQ","packing_name":"Cut Tape","warehouse_name":"Taichung","qty":0,"reserved_qty":0},{"part_no":"W25Q128JVBJQ","supplier_part_no":"W25Q128JVBJQ","packing_name":"Tube","warehouse_name":"Taichung","qty":0,"reserved_qty":0},{"part_no":"W25Q128JVCIM","supplier_part_no":"W25Q128JVCIM","packing_name":"Tube","warehouse_name":"Taichung","qty":0,"reserved_qty":0},{"part_no":"W25Q128JVCIM","supplier_part_no":"W25Q128JVCIM","packing_name":"Tray","warehouse_name":"Taichung","qty":6269,"reserved_qty":0},{"part_no":"W25Q128JVCIM","supplier_part_no":"W25Q128JVCIM","packing_name":"Cut Tape","warehouse_name":"Taichung","qty":0,"reserved_qty":0},{"part_no":"W25Q128JVCIM","supplier_part_no":"... (set the log level to DEBUG or TRACE to see the full content) 
 </msg>
<msg timestamp="20210309 10:57:05.782" level="INFO">/usr/local/lib/python3.9/site-packages/urllib3/connectionpool.py:1013: InsecureRequestWarning: Unverified HTTPS request is being made to host 'b2bapi-beta.techdesignlink.com'. Adding certificate verification is strongly advised. See: https://urllib3.readthedocs.io/en/latest/advanced-usage.html#ssl-warnings
  warnings.warn(</msg>
<msg timestamp="20210309 10:57:05.782" level="INFO">${resp} = &lt;Response [200]&gt;</msg>
<status status="PASS" starttime="20210309 10:57:03.178" endtime="20210309 10:57:05.782"></status>
</kw>
<kw name="Log To Console" library="BuiltIn">
<doc>Logs the given message to the console.</doc>
<arguments>
<arg>${resp.json()}</arg>
</arguments>
<status status="PASS" starttime="20210309 10:57:05.783" endtime="20210309 10:57:05.794"></status>
</kw>
<status status="PASS" starttime="20210309 10:57:03.177" endtime="20210309 10:57:05.794" critical="yes"></status>
</test>
<kw name="Delete All Sessions" library="RequestsLibrary" type="teardown">
<doc>Removes all the session objects</doc>
<msg timestamp="20210309 10:57:05.795" level="INFO">Delete All Sessions</msg>
<status status="PASS" starttime="20210309 10:57:05.795" endtime="20210309 10:57:05.795"></status>
</kw>
<status status="PASS" starttime="20210309 10:57:03.053" endtime="20210309 10:57:05.795"></status>
</suite>
<statistics>
<total>
<stat pass="1" fail="0">Critical Tests</stat>
<stat pass="1" fail="0">All Tests</stat>
</total>
<tag>
</tag>
<suite>
<stat pass="1" fail="0" id="s1" name="Sample Test">Sample Test</stat>
</suite>
</statistics>
<errors>
</errors>
</robot>
